<?xml version="1.0" encoding="UTF-8"?>
<testsuite xmlns:xsi="http://www.w3.org/2001/XMLSchema-instance" xsi:noNamespaceSchemaLocation="https://maven.apache.org/surefire/maven-surefire-plugin/xsd/surefire-test-report-3.0.xsd" version="3.0" name="com.devskills.SecurityIntegrationTest" time="24.743" tests="3" errors="0" skipped="0" failures="0">
  <properties>
[...]
</properties>
  <testcase name="givenNoJwt_whenAccessProtectedEndpoint_thenReturnsUnauthorized" classname="com.devskills.SecurityIntegrationTest" time="0.524">
    <system-out><![CDATA[16:45:16.170 [main] INFO org.springframework.test.context.support.AnnotationConfigContextLoaderUtils -- Could not detect default configuration classes for test class [com.devskills.SecurityIntegrationTest]: SecurityIntegrationTest does not declare any static, non-private, non-final, nested classes annotated with @Configuration.
16:45:16.297 [main] INFO org.springframework.boot.test.context.SpringBootTestContextBootstrapper -- Found @SpringBootConfiguration com.devskills.DevSkillsApplication for test class com.devskills.SecurityIntegrationTest

  .   ____          _            __ _ _
 /\\ / ___'_ __ _ _(_)_ __  __ _ \ \ \ \
( ( )\___ | '_ | '_| | '_ \/ _` | \ \ \ \
 \\/  ___)| |_)| | | | | || (_| |  ) ) ) )
  '  |____| .__|_| |_|_| |_\__, | / / / /
 =========|_|==============|___/=/_/_/_/
 :: Spring Boot ::                (v3.2.5)

2026-05-21T16:45:16.671-03:00  INFO 12272 --- [devskills] [           main] com.devskills.SecurityIntegrationTest    : Starting SecurityIntegrationTest using Java 25.0.2 with PID 12272 (started by Thalles Costa in C:\Users\Thalles Costa\Desktop\Devskills)
2026-05-21T16:45:16.672-03:00  INFO 12272 --- [devskills] [           main] com.devskills.SecurityIntegrationTest    : No active profile set, falling back to 1 default profile: "default"
2026-05-21T16:45:17.288-03:00  INFO 12272 --- [devskills] [           main] .s.d.r.c.RepositoryConfigurationDelegate : Bootstrapping Spring Data JPA repositories in DEFAULT mode.
2026-05-21T16:45:17.345-03:00  INFO 12272 --- [devskills] [           main] .s.d.r.c.RepositoryConfigurationDelegate : Finished Spring Data repository scanning in 51 ms. Found 10 JPA repository interfaces.
2026-05-21T16:45:17.893-03:00  INFO 12272 --- [devskills] [           main] o.hibernate.jpa.internal.util.LogHelper  : HHH000204: Processing PersistenceUnitInfo [name: default]
2026-05-21T16:45:17.955-03:00  INFO 12272 --- [devskills] [           main] org.hibernate.Version                    : HHH000412: Hibernate ORM core version 6.4.4.Final
2026-05-21T16:45:18.012-03:00  INFO 12272 --- [devskills] [           main] o.h.c.internal.RegionFactoryInitiator    : HHH000026: Second-level cache disabled
2026-05-21T16:45:18.245-03:00  INFO 12272 --- [devskills] [           main] o.s.o.j.p.SpringPersistenceUnitInfo      : No LoadTimeWeaver setup: ignoring JPA class transformer
2026-05-21T16:45:18.277-03:00  INFO 12272 --- [devskills] [           main] com.zaxxer.hikari.HikariDataSource       : HikariPool-1 - Starting...
2026-05-21T16:45:21.110-03:00  INFO 12272 --- [devskills] [           main] com.zaxxer.hikari.pool.HikariPool        : HikariPool-1 - Added connection org.postgresql.jdbc.PgConnection@2a4e939a
2026-05-21T16:45:21.111-03:00  INFO 12272 --- [devskills] [           main] com.zaxxer.hikari.HikariDataSource       : HikariPool-1 - Start completed.
2026-05-21T16:45:21.368-03:00  WARN 12272 --- [devskills] [           main] org.hibernate.orm.deprecation            : HHH90000025: PostgreSQLDialect does not need to be specified explicitly using 'hibernate.dialect' (remove the property setting and it will be selected by default)
2026-05-21T16:45:22.622-03:00  INFO 12272 --- [devskills] [           main] o.h.e.t.j.p.i.JtaPlatformInitiator       : HHH000489: No JTA platform available (set 'hibernate.transaction.jta.platform' to enable JTA platform integration)
2026-05-21T16:45:33.568-03:00  INFO 12272 --- [devskills] [           main] j.LocalContainerEntityManagerFactoryBean : Initialized JPA EntityManagerFactory for persistence unit 'default'
2026-05-21T16:45:34.547-03:00  INFO 12272 --- [devskills] [           main] o.s.d.j.r.query.QueryEnhancerFactory     : Hibernate is in classpath; If applicable, HQL parser will be used.
2026-05-21T16:45:36.441-03:00  WARN 12272 --- [devskills] [           main] JpaBaseConfiguration$JpaWebConfiguration : spring.jpa.open-in-view is enabled by default. Therefore, database queries may be performed during view rendering. Explicitly configure spring.jpa.open-in-view to disable this warning
2026-05-21T16:45:37.727-03:00  INFO 12272 --- [devskills] [           main] o.s.s.web.DefaultSecurityFilterChain     : Will secure any request with [org.springframework.security.web.session.DisableEncodeUrlFilter@135a2de7, org.springframework.security.web.context.request.async.WebAsyncManagerIntegrationFilter@4b5ca45b, org.springframework.security.web.context.SecurityContextHolderFilter@3501c1de, org.springframework.security.web.header.HeaderWriterFilter@70ab102c, org.springframework.web.filter.CorsFilter@749afabf, org.springframework.security.web.authentication.logout.LogoutFilter@26b6c4de, org.springframework.security.oauth2.server.resource.web.authentication.BearerTokenAuthenticationFilter@5e4c26a1, org.springframework.security.web.savedrequest.RequestCacheAwareFilter@256a4746, org.springframework.security.web.servletapi.SecurityContextHolderAwareRequestFilter@3a103112, org.springframework.security.web.authentication.AnonymousAuthenticationFilter@2c73dfd0, org.springframework.security.web.access.ExceptionTranslationFilter@51843e3e, org.springframework.security.web.access.intercept.AuthorizationFilter@43549693]
2026-05-21T16:45:38.522-03:00  INFO 12272 --- [devskills] [           main] o.s.b.t.m.w.SpringBootMockServletContext : Initializing Spring TestDispatcherServlet ''
2026-05-21T16:45:38.522-03:00  INFO 12272 --- [devskills] [           main] o.s.t.web.servlet.TestDispatcherServlet  : Initializing Servlet ''
2026-05-21T16:45:38.523-03:00  INFO 12272 --- [devskills] [           main] o.s.t.web.servlet.TestDispatcherServlet  : Completed initialization in 1 ms
2026-05-21T16:45:38.550-03:00  INFO 12272 --- [devskills] [           main] com.devskills.SecurityIntegrationTest    : Started SecurityIntegrationTest in 22.134 seconds (process running for 22.986)
Tabela 'developer' atualizada com sucesso (bio -> text).
]]></system-out>
    <system-err><![CDATA[WARNING: A Java agent has been loaded dynamically (C:\Users\Thalles Costa\.m2\repository\net\bytebuddy\byte-buddy-agent\1.14.13\byte-buddy-agent-1.14.13.jar)
WARNING: If a serviceability tool is in use, please run with -XX:+EnableDynamicAgentLoading to hide this warning
WARNING: If a serviceability tool is not in use, please run with -Djdk.instrument.traceUsage for more information
WARNING: Dynamic loading of agents will be disallowed by default in a future release
]]></system-err>
  </testcase>
  <testcase name="givenValidJwtWithoutAdminScope_whenAccessAdminEndpoint_thenReturnsForbidden" classname="com.devskills.SecurityIntegrationTest" time="0.02"/>
  <testcase name="givenValidJwt_whenAccessProtectedEndpoint_thenReturnsOk" classname="com.devskills.SecurityIntegrationTest" time="1.194">
    <system-out><![CDATA[Hibernate: 
    select
        d1_0.id,
        d1_0.avatar_url,
        d1_0.bio,
        d1_0.email,
        d1_0.github,
        d1_0.linkedin,
        d1_0.location,
        d1_0.name,
        d1_0.portfolio,
        d1_0.role,
        d1_0.username 
    from
        developer d1_0 
    where
        d1_0.id=?
Hibernate: 
    select
        s1_0.developer_id,
        s1_0.id,
        s1_0.proficiency_level,
        s1_0.skill_id,
        s2_0.id,
        s2_0.category,
        s2_0.name,
        s1_0.years_of_experience 
    from
        developer_skill s1_0 
    left join
        skill s2_0 
            on s2_0.id=s1_0.skill_id 
    where
        s1_0.developer_id=?
]]></system-out>
  </testcase>
</testsuite>